{
  "RSpec": {
    "coverage": {
      "/Users/annie/MakersProjs/bookmark_manager/spec/bookmark_spec.rb": {
        "lines": [
          1,
          null,
          1,
          1,
          1,
          1,
          null,
          1,
          1,
          1,
          null,
          null,
          null
        ]
      },
      "/Users/annie/MakersProjs/bookmark_manager/lib/bookmark.rb": {
        "lines": [
          1,
          1,
          null,
          1,
          null,
          null,
          null,
          null,
          null
        ]
      },
      "/Users/annie/MakersProjs/bookmark_manager/spec/features/basic_setup_spec.rb": {
        "lines": [
          null,
          null,
          1,
          1,
          1,
          1,
          null,
          null
        ]
      },
      "/Users/annie/MakersProjs/bookmark_manager/spec/features/view_bookmarks_spec.rb": {
        "lines": [
          1,
          1,
          1,
          1,
          null,
          null
        ]
      }
    },
    "timestamp": 1611591113
  }
}
