{
  "RSpec": {
    "coverage": {
      "/Users/katrinaharradine/Documents/Coding/Makers/projects/week_4/bookmark-anna/bookmark_manager/app.rb": {
        "lines": [
          null,
          null,
          1,
          null,
          1,
          1,
          1,
          null,
          null,
          null,
          1,
          null
        ]
      },
      "/Users/katrinaharradine/Documents/Coding/Makers/projects/week_4/bookmark-anna/bookmark_manager/spec/features/basic_setup_spec.rb": {
        "lines": [
          null,
          null,
          1,
          1,
          1,
          1,
          null,
          null
        ]
      }
    },
    "timestamp": 1611587794
  }
}
